0 info it worked if it ends with ok
1 verbose cli [ '/usr/local/bin/node', '/usr/local/bin/npm', 'install' ]
2 info using npm@2.9.1
3 info using node@v0.12.3
4 verbose node symlink /usr/local/bin/node
5 verbose readDependencies loading dependencies from /Users/fernandoshiro/projects/42ipd.github.io/package.json
6 error install Couldn't read dependencies
7 verbose stack Error: ENOENT, open '/Users/fernandoshiro/projects/42ipd.github.io/package.json'
7 verbose stack     at Error (native)
8 verbose cwd /Users/fernandoshiro/projects/42ipd.github.io
9 error Darwin 14.3.0
10 error argv "/usr/local/bin/node" "/usr/local/bin/npm" "install"
11 error node v0.12.3
12 error npm  v2.9.1
13 error path /Users/fernandoshiro/projects/42ipd.github.io/package.json
14 error code ENOPACKAGEJSON
15 error errno -2
16 error package.json ENOENT, open '/Users/fernandoshiro/projects/42ipd.github.io/package.json'
16 error package.json This is most likely not a problem with npm itself.
16 error package.json npm can't find a package.json file in your current directory.
17 verbose exit [ -2, true ]
